[ 2019-05-28T16:41:40+08:00 ][ info ] [ BEHAVIOR ] Run Closure @app_init [ RunTime:0.000138s ]
[ info ] [ LOG ] INIT File
[ 2019-05-28T16:41:40+08:00 ][ info ] [ CACHE ] INIT File
[ 2019-05-28T16:41:40+08:00 ][ info ] [ BEHAVIOR ] Run Closure @app_init [ RunTime:0.002613s ]
[ 2019-05-28T16:41:50+08:00 ][ info ] [ BEHAVIOR ] Run Closure @app_init [ RunTime:0.000151s ]
[ info ] [ LOG ] INIT File
[ 2019-05-28T16:41:50+08:00 ][ info ] [ CACHE ] INIT File
[ 2019-05-28T16:41:50+08:00 ][ info ] [ BEHAVIOR ] Run Closure @app_init [ RunTime:0.002809s ]
[ 2019-05-28T16:42:08+08:00 ][ info ] [ BEHAVIOR ] Run Closure @app_init [ RunTime:0.000127s ]
[ info ] [ LOG ] INIT File
[ 2019-05-28T16:42:08+08:00 ][ info ] [ CACHE ] INIT File
[ 2019-05-28T16:42:08+08:00 ][ info ] [ BEHAVIOR ] Run Closure @app_init [ RunTime:0.002621s ]
[ 2019-05-28T16:42:08+08:00 ][ info ] [ DB ] INIT mysql
[ 2019-05-28T16:42:08+08:00 ][ sql ] [ DB ] CONNECT:[ UseTime:0.000840s ] mysql:host=127.0.0.1;dbname=yaohao;charset=utf8
[ 2019-05-28T16:42:08+08:00 ][ sql ] [ SQL ] SHOW TABLE STATUS LIKE 'user' [ RunTime:0.000551s ]
[ 2019-05-28T16:42:08+08:00 ][ sql ] [ SQL ] SHOW TABLE STATUS LIKE 'fa_user' [ RunTime:0.000510s ]
[ 2019-05-28T16:42:45+08:00 ][ info ] [ BEHAVIOR ] Run Closure @app_init [ RunTime:0.000132s ]
[ info ] [ LOG ] INIT File
[ 2019-05-28T16:42:45+08:00 ][ info ] [ CACHE ] INIT File
[ 2019-05-28T16:42:45+08:00 ][ info ] [ BEHAVIOR ] Run Closure @app_init [ RunTime:0.002652s ]
[ 2019-05-28T16:42:46+08:00 ][ info ] [ DB ] INIT mysql
[ 2019-05-28T16:42:46+08:00 ][ sql ] [ DB ] CONNECT:[ UseTime:0.000829s ] mysql:host=127.0.0.1;dbname=yaohao;charset=utf8
[ 2019-05-28T16:42:46+08:00 ][ sql ] [ SQL ] SHOW TABLE STATUS LIKE 'user' [ RunTime:0.000523s ]
[ 2019-05-28T16:42:46+08:00 ][ sql ] [ SQL ] SHOW TABLE STATUS LIKE 'fa_user' [ RunTime:0.000468s ]
[ 2019-05-28T16:43:08+08:00 ][ info ] [ BEHAVIOR ] Run Closure @app_init [ RunTime:0.000178s ]
[ info ] [ LOG ] INIT File
[ 2019-05-28T16:43:08+08:00 ][ info ] [ CACHE ] INIT File
[ 2019-05-28T16:43:08+08:00 ][ info ] [ BEHAVIOR ] Run Closure @app_init [ RunTime:0.002573s ]
[ 2019-05-28T16:43:08+08:00 ][ info ] [ DB ] INIT mysql
[ 2019-05-28T16:43:08+08:00 ][ sql ] [ DB ] CONNECT:[ UseTime:0.000816s ] mysql:host=127.0.0.1;dbname=yaohao;charset=utf8
[ 2019-05-28T16:43:08+08:00 ][ sql ] [ SQL ] SHOW TABLE STATUS LIKE 'user_group' [ RunTime:0.000563s ]
[ 2019-05-28T16:43:08+08:00 ][ sql ] [ SQL ] SHOW TABLE STATUS LIKE 'fa_user_group' [ RunTime:0.000473s ]
[ 2019-05-28T16:43:18+08:00 ][ info ] [ BEHAVIOR ] Run Closure @app_init [ RunTime:0.000137s ]
[ info ] [ LOG ] INIT File
[ 2019-05-28T16:43:18+08:00 ][ info ] [ CACHE ] INIT File
[ 2019-05-28T16:43:18+08:00 ][ info ] [ BEHAVIOR ] Run Closure @app_init [ RunTime:0.002472s ]
[ 2019-05-28T16:43:38+08:00 ][ info ] [ BEHAVIOR ] Run Closure @app_init [ RunTime:0.000135s ]
[ info ] [ LOG ] INIT File
[ 2019-05-28T16:43:38+08:00 ][ info ] [ CACHE ] INIT File
[ 2019-05-28T16:43:38+08:00 ][ info ] [ BEHAVIOR ] Run Closure @app_init [ RunTime:0.002488s ]
[ 2019-05-28T16:43:44+08:00 ][ info ] [ BEHAVIOR ] Run Closure @app_init [ RunTime:0.000145s ]
[ info ] [ LOG ] INIT File
[ 2019-05-28T16:43:44+08:00 ][ info ] [ CACHE ] INIT File
[ 2019-05-28T16:43:44+08:00 ][ info ] [ BEHAVIOR ] Run Closure @app_init [ RunTime:0.002620s ]
[ 2019-05-28T16:43:44+08:00 ][ info ] [ DB ] INIT mysql
[ 2019-05-28T16:43:44+08:00 ][ sql ] [ DB ] CONNECT:[ UseTime:0.010286s ] mysql:host=127.0.0.1;dbname=yaohao;charset=utf8
[ 2019-05-28T16:43:44+08:00 ][ sql ] [ SQL ] SHOW TABLE STATUS LIKE 'user' [ RunTime:0.001513s ]
[ 2019-05-28T16:43:45+08:00 ][ sql ] [ SQL ] SHOW TABLE STATUS LIKE 'fa_user' [ RunTime:0.001484s ]
[ 2019-05-28T16:47:53+08:00 ][ info ] [ BEHAVIOR ] Run Closure @app_init [ RunTime:0.000143s ]
[ info ] [ LOG ] INIT File
[ 2019-05-28T16:47:53+08:00 ][ info ] [ CACHE ] INIT File
[ 2019-05-28T16:47:53+08:00 ][ info ] [ BEHAVIOR ] Run Closure @app_init [ RunTime:0.002597s ]
[ 2019-05-28T16:47:53+08:00 ][ info ] [ DB ] INIT mysql
[ 2019-05-28T16:47:53+08:00 ][ sql ] [ DB ] CONNECT:[ UseTime:0.000824s ] mysql:host=127.0.0.1;dbname=yaohao;charset=utf8
[ 2019-05-28T16:47:53+08:00 ][ sql ] [ SQL ] SHOW TABLE STATUS LIKE 'user' [ RunTime:0.000568s ]
[ 2019-05-28T16:47:53+08:00 ][ sql ] [ SQL ] SHOW TABLE STATUS LIKE 'fa_user' [ RunTime:0.000516s ]
[ 2019-05-28T16:48:29+08:00 ][ info ] [ BEHAVIOR ] Run Closure @app_init [ RunTime:0.000120s ]
[ info ] [ LOG ] INIT File
[ 2019-05-28T16:48:29+08:00 ][ info ] [ CACHE ] INIT File
[ 2019-05-28T16:48:29+08:00 ][ info ] [ BEHAVIOR ] Run Closure @app_init [ RunTime:0.002514s ]
[ 2019-05-28T16:48:29+08:00 ][ info ] [ DB ] INIT mysql
[ 2019-05-28T16:48:29+08:00 ][ sql ] [ DB ] CONNECT:[ UseTime:0.000849s ] mysql:host=127.0.0.1;dbname=yaohao;charset=utf8
[ 2019-05-28T16:48:29+08:00 ][ sql ] [ SQL ] SHOW TABLE STATUS LIKE 'user' [ RunTime:0.000567s ]
[ 2019-05-28T16:48:29+08:00 ][ sql ] [ SQL ] SHOW TABLE STATUS LIKE 'fa_user' [ RunTime:0.000527s ]
[ 2019-05-28T16:50:21+08:00 ][ info ] [ BEHAVIOR ] Run Closure @app_init [ RunTime:0.000123s ]
[ info ] [ LOG ] INIT File
[ 2019-05-28T16:50:21+08:00 ][ info ] [ CACHE ] INIT File
[ 2019-05-28T16:50:21+08:00 ][ info ] [ BEHAVIOR ] Run Closure @app_init [ RunTime:0.002530s ]
[ 2019-05-28T16:50:21+08:00 ][ info ] [ DB ] INIT mysql
[ 2019-05-28T16:50:21+08:00 ][ sql ] [ DB ] CONNECT:[ UseTime:0.000736s ] mysql:host=127.0.0.1;dbname=yaohao;charset=utf8
[ 2019-05-28T16:50:21+08:00 ][ sql ] [ SQL ] SHOW TABLE STATUS LIKE 'user_group' [ RunTime:0.000481s ]
[ 2019-05-28T16:50:21+08:00 ][ sql ] [ SQL ] SHOW TABLE STATUS LIKE 'fa_user_group' [ RunTime:0.000439s ]
[ 2019-05-28T16:50:47+08:00 ][ info ] [ BEHAVIOR ] Run Closure @app_init [ RunTime:0.000123s ]
[ info ] [ LOG ] INIT File
[ 2019-05-28T16:50:47+08:00 ][ info ] [ CACHE ] INIT File
[ 2019-05-28T16:50:47+08:00 ][ info ] [ BEHAVIOR ] Run Closure @app_init [ RunTime:0.002510s ]
[ 2019-05-28T16:50:48+08:00 ][ info ] [ DB ] INIT mysql
[ 2019-05-28T16:50:48+08:00 ][ sql ] [ DB ] CONNECT:[ UseTime:0.000763s ] mysql:host=127.0.0.1;dbname=yaohao;charset=utf8
[ 2019-05-28T16:50:48+08:00 ][ sql ] [ SQL ] SHOW TABLE STATUS LIKE 'user_rule' [ RunTime:0.000536s ]
[ 2019-05-28T16:50:48+08:00 ][ sql ] [ SQL ] SHOW TABLE STATUS LIKE 'fa_user_rule' [ RunTime:0.000444s ]
[ 2019-05-28T16:57:49+08:00 ][ info ] [ BEHAVIOR ] Run Closure @app_init [ RunTime:0.000134s ]
[ info ] [ LOG ] INIT File
[ 2019-05-28T16:57:49+08:00 ][ info ] [ CACHE ] INIT File
[ 2019-05-28T16:57:49+08:00 ][ info ] [ BEHAVIOR ] Run Closure @app_init [ RunTime:0.002582s ]
[ 2019-05-28T16:57:49+08:00 ][ info ] [ DB ] INIT mysql
[ 2019-05-28T16:57:49+08:00 ][ sql ] [ DB ] CONNECT:[ UseTime:0.000833s ] mysql:host=127.0.0.1;dbname=yaohao;charset=utf8
[ 2019-05-28T16:57:49+08:00 ][ sql ] [ SQL ] SHOW COLUMNS FROM `fa_auth_rule` [ RunTime:0.011110s ]
[ 2019-05-28T16:57:49+08:00 ][ sql ] [ SQL ] SELECT * FROM `fa_auth_rule` WHERE  (  `name` LIKE 'user%' ) [ RunTime:0.000486s ]
[ 2019-05-28T16:57:50+08:00 ][ sql ] [ SQL ] SELECT * FROM `fa_auth_rule` WHERE  `id` IN (66,67,68,69,70,71,72,73,74,75,76,77,78,79,80,81,82,83,84,109,110,111,112,113) [ RunTime:0.000744s ]
[ 2019-05-28T16:57:50+08:00 ][ sql ] [ SQL ] DELETE FROM `fa_auth_rule`    WHERE  `id` = 66 [ RunTime:0.031329s ]
[ 2019-05-28T16:57:50+08:00 ][ sql ] [ SQL ] DELETE FROM `fa_auth_rule`    WHERE  `id` = 67 [ RunTime:0.015692s ]
[ 2019-05-28T16:57:50+08:00 ][ sql ] [ SQL ] DELETE FROM `fa_auth_rule`    WHERE  `id` = 68 [ RunTime:0.024280s ]
[ 2019-05-28T16:57:50+08:00 ][ sql ] [ SQL ] DELETE FROM `fa_auth_rule`    WHERE  `id` = 69 [ RunTime:0.015999s ]
[ 2019-05-28T16:57:50+08:00 ][ sql ] [ SQL ] DELETE FROM `fa_auth_rule`    WHERE  `id` = 70 [ RunTime:0.024118s ]
[ 2019-05-28T16:57:50+08:00 ][ sql ] [ SQL ] DELETE FROM `fa_auth_rule`    WHERE  `id` = 71 [ RunTime:0.016036s ]
[ 2019-05-28T16:57:50+08:00 ][ sql ] [ SQL ] DELETE FROM `fa_auth_rule`    WHERE  `id` = 72 [ RunTime:0.037890s ]
[ 2019-05-28T16:57:50+08:00 ][ sql ] [ SQL ] DELETE FROM `fa_auth_rule`    WHERE  `id` = 73 [ RunTime:0.025564s ]
[ 2019-05-28T16:57:50+08:00 ][ sql ] [ SQL ] DELETE FROM `fa_auth_rule`    WHERE  `id` = 74 [ RunTime:0.026023s ]
[ 2019-05-28T16:57:50+08:00 ][ sql ] [ SQL ] DELETE FROM `fa_auth_rule`    WHERE  `id` = 75 [ RunTime:0.015760s ]
[ 2019-05-28T16:57:50+08:00 ][ sql ] [ SQL ] DELETE FROM `fa_auth_rule`    WHERE  `id` = 76 [ RunTime:0.024412s ]
[ 2019-05-28T16:57:50+08:00 ][ sql ] [ SQL ] DELETE FROM `fa_auth_rule`    WHERE  `id` = 77 [ RunTime:0.015881s ]
[ 2019-05-28T16:57:50+08:00 ][ sql ] [ SQL ] DELETE FROM `fa_auth_rule`    WHERE  `id` = 78 [ RunTime:0.024170s ]
[ 2019-05-28T16:57:51+08:00 ][ sql ] [ SQL ] DELETE FROM `fa_auth_rule`    WHERE  `id` = 79 [ RunTime:0.016000s ]
[ 2019-05-28T16:57:51+08:00 ][ sql ] [ SQL ] DELETE FROM `fa_auth_rule`    WHERE  `id` = 80 [ RunTime:0.024071s ]
[ 2019-05-28T16:57:51+08:00 ][ sql ] [ SQL ] DELETE FROM `fa_auth_rule`    WHERE  `id` = 81 [ RunTime:0.015997s ]
[ 2019-05-28T16:57:51+08:00 ][ sql ] [ SQL ] DELETE FROM `fa_auth_rule`    WHERE  `id` = 82 [ RunTime:0.023581s ]
[ 2019-05-28T16:57:51+08:00 ][ sql ] [ SQL ] DELETE FROM `fa_auth_rule`    WHERE  `id` = 83 [ RunTime:0.015872s ]
[ 2019-05-28T16:57:51+08:00 ][ sql ] [ SQL ] DELETE FROM `fa_auth_rule`    WHERE  `id` = 84 [ RunTime:0.024287s ]
[ 2019-05-28T16:57:51+08:00 ][ sql ] [ SQL ] DELETE FROM `fa_auth_rule`    WHERE  `id` = 109 [ RunTime:0.015848s ]
[ 2019-05-28T16:57:51+08:00 ][ sql ] [ SQL ] DELETE FROM `fa_auth_rule`    WHERE  `id` = 110 [ RunTime:0.024360s ]
[ 2019-05-28T16:57:51+08:00 ][ sql ] [ SQL ] DELETE FROM `fa_auth_rule`    WHERE  `id` = 111 [ RunTime:0.015708s ]
[ 2019-05-28T16:57:51+08:00 ][ sql ] [ SQL ] DELETE FROM `fa_auth_rule`    WHERE  `id` = 112 [ RunTime:0.024398s ]
[ 2019-05-28T16:57:51+08:00 ][ sql ] [ SQL ] DELETE FROM `fa_auth_rule`    WHERE  `id` = 113 [ RunTime:0.016010s ]
[ 2019-05-28T17:12:39+08:00 ][ info ] [ BEHAVIOR ] Run Closure @app_init [ RunTime:0.000128s ]
[ info ] [ LOG ] INIT File
[ 2019-05-28T17:12:39+08:00 ][ info ] [ CACHE ] INIT File
[ 2019-05-28T17:12:39+08:00 ][ info ] [ BEHAVIOR ] Run Closure @app_init [ RunTime:0.002553s ]
[ 2019-05-28T17:12:39+08:00 ][ info ] [ DB ] INIT mysql
[ 2019-05-28T17:12:39+08:00 ][ sql ] [ DB ] CONNECT:[ UseTime:0.000807s ] mysql:host=127.0.0.1;dbname=yaohao;charset=utf8
[ 2019-05-28T17:12:39+08:00 ][ sql ] [ SQL ] SHOW COLUMNS FROM `fa_auth_rule` [ RunTime:0.010578s ]
[ 2019-05-28T17:12:39+08:00 ][ sql ] [ SQL ] SELECT * FROM `fa_auth_rule` WHERE  (  `name` LIKE 'user%' ) [ RunTime:0.000401s ]
[ 2019-05-28T17:12:40+08:00 ][ sql ] [ SQL ] SELECT * FROM `fa_auth_rule` WHERE  `id` IN (114,116,118,117,115,119) [ RunTime:0.000447s ]
[ 2019-05-28T17:12:40+08:00 ][ sql ] [ SQL ] DELETE FROM `fa_auth_rule`    WHERE  `id` = 114 [ RunTime:0.013023s ]
[ 2019-05-28T17:12:40+08:00 ][ sql ] [ SQL ] DELETE FROM `fa_auth_rule`    WHERE  `id` = 115 [ RunTime:0.015723s ]
[ 2019-05-28T17:12:40+08:00 ][ sql ] [ SQL ] DELETE FROM `fa_auth_rule`    WHERE  `id` = 116 [ RunTime:0.015978s ]
[ 2019-05-28T17:12:41+08:00 ][ sql ] [ SQL ] DELETE FROM `fa_auth_rule`    WHERE  `id` = 117 [ RunTime:0.015826s ]
[ 2019-05-28T17:12:41+08:00 ][ sql ] [ SQL ] DELETE FROM `fa_auth_rule`    WHERE  `id` = 118 [ RunTime:0.015989s ]
[ 2019-05-28T17:12:41+08:00 ][ sql ] [ SQL ] DELETE FROM `fa_auth_rule`    WHERE  `id` = 119 [ RunTime:0.015964s ]
[ 2019-05-28T17:12:54+08:00 ][ info ] [ BEHAVIOR ] Run Closure @app_init [ RunTime:0.000108s ]
[ info ] [ LOG ] INIT File
[ 2019-05-28T17:12:54+08:00 ][ info ] [ CACHE ] INIT File
[ 2019-05-28T17:12:54+08:00 ][ info ] [ BEHAVIOR ] Run Closure @app_init [ RunTime:0.002697s ]
[ 2019-05-28T17:12:54+08:00 ][ info ] [ DB ] INIT mysql
[ 2019-05-28T17:12:54+08:00 ][ sql ] [ DB ] CONNECT:[ UseTime:0.000828s ] mysql:host=127.0.0.1;dbname=yaohao;charset=utf8
[ 2019-05-28T17:12:54+08:00 ][ sql ] [ SQL ] SHOW TABLE STATUS LIKE 'user' [ RunTime:0.000572s ]
[ 2019-05-28T17:12:54+08:00 ][ sql ] [ SQL ] SHOW TABLE STATUS LIKE 'fa_user' [ RunTime:0.000489s ]
[ 2019-05-28T17:13:10+08:00 ][ info ] [ BEHAVIOR ] Run Closure @app_init [ RunTime:0.000122s ]
[ info ] [ LOG ] INIT File
[ 2019-05-28T17:13:10+08:00 ][ info ] [ CACHE ] INIT File
[ 2019-05-28T17:13:10+08:00 ][ info ] [ BEHAVIOR ] Run Closure @app_init [ RunTime:0.002620s ]
[ 2019-05-28T17:13:10+08:00 ][ info ] [ DB ] INIT mysql
[ 2019-05-28T17:13:10+08:00 ][ sql ] [ DB ] CONNECT:[ UseTime:0.000816s ] mysql:host=127.0.0.1;dbname=yaohao;charset=utf8
[ 2019-05-28T17:13:10+08:00 ][ sql ] [ SQL ] SHOW COLUMNS FROM `fa_auth_rule` [ RunTime:0.011907s ]
[ 2019-05-28T17:13:10+08:00 ][ sql ] [ SQL ] SELECT * FROM `fa_auth_rule` WHERE  (  `name` LIKE 'building%' ) [ RunTime:0.000463s ]
[ 2019-05-28T17:13:12+08:00 ][ sql ] [ SQL ] SELECT * FROM `fa_auth_rule` WHERE  `id` IN (102,104,106,105,103,107,101) [ RunTime:0.000515s ]
[ 2019-05-28T17:13:12+08:00 ][ sql ] [ SQL ] DELETE FROM `fa_auth_rule`    WHERE  `id` = 101 [ RunTime:0.027067s ]
[ 2019-05-28T17:13:12+08:00 ][ sql ] [ SQL ] DELETE FROM `fa_auth_rule`    WHERE  `id` = 102 [ RunTime:0.017683s ]
[ 2019-05-28T17:13:13+08:00 ][ sql ] [ SQL ] DELETE FROM `fa_auth_rule`    WHERE  `id` = 103 [ RunTime:0.015806s ]
[ 2019-05-28T17:13:13+08:00 ][ sql ] [ SQL ] DELETE FROM `fa_auth_rule`    WHERE  `id` = 104 [ RunTime:0.015888s ]
[ 2019-05-28T17:13:13+08:00 ][ sql ] [ SQL ] DELETE FROM `fa_auth_rule`    WHERE  `id` = 105 [ RunTime:0.015988s ]
[ 2019-05-28T17:13:13+08:00 ][ sql ] [ SQL ] DELETE FROM `fa_auth_rule`    WHERE  `id` = 106 [ RunTime:0.015840s ]
[ 2019-05-28T17:13:13+08:00 ][ sql ] [ SQL ] DELETE FROM `fa_auth_rule`    WHERE  `id` = 107 [ RunTime:0.015996s ]
[ 2019-05-28T17:13:26+08:00 ][ info ] [ BEHAVIOR ] Run Closure @app_init [ RunTime:0.000126s ]
[ info ] [ LOG ] INIT File
[ 2019-05-28T17:13:26+08:00 ][ info ] [ CACHE ] INIT File
[ 2019-05-28T17:13:26+08:00 ][ info ] [ BEHAVIOR ] Run Closure @app_init [ RunTime:0.002677s ]
[ 2019-05-28T17:13:26+08:00 ][ info ] [ DB ] INIT mysql
[ 2019-05-28T17:13:26+08:00 ][ sql ] [ DB ] CONNECT:[ UseTime:0.000733s ] mysql:host=127.0.0.1;dbname=yaohao;charset=utf8
[ 2019-05-28T17:13:26+08:00 ][ sql ] [ SQL ] SHOW TABLE STATUS LIKE 'building' [ RunTime:0.000490s ]
[ 2019-05-28T17:13:26+08:00 ][ sql ] [ SQL ] SHOW TABLE STATUS LIKE 'fa_building' [ RunTime:0.000446s ]
[ 2019-05-28T17:16:40+08:00 ][ info ] [ BEHAVIOR ] Run Closure @app_init [ RunTime:0.000126s ]
[ info ] [ LOG ] INIT File
[ 2019-05-28T17:16:40+08:00 ][ info ] [ CACHE ] INIT File
[ 2019-05-28T17:16:40+08:00 ][ info ] [ BEHAVIOR ] Run Closure @app_init [ RunTime:0.002497s ]
[ 2019-05-28T17:16:40+08:00 ][ info ] [ DB ] INIT mysql
[ 2019-05-28T17:16:40+08:00 ][ sql ] [ DB ] CONNECT:[ UseTime:0.000707s ] mysql:host=127.0.0.1;dbname=yaohao;charset=utf8
[ 2019-05-28T17:16:40+08:00 ][ sql ] [ SQL ] SHOW TABLE STATUS LIKE 'building' [ RunTime:0.000492s ]
[ 2019-05-28T17:16:40+08:00 ][ sql ] [ SQL ] SHOW TABLE STATUS LIKE 'fa_building' [ RunTime:0.000485s ]
[ 2019-05-28T17:17:22+08:00 ][ info ] [ BEHAVIOR ] Run Closure @app_init [ RunTime:0.000105s ]
[ info ] [ LOG ] INIT File
[ 2019-05-28T17:17:22+08:00 ][ info ] [ CACHE ] INIT File
[ 2019-05-28T17:17:22+08:00 ][ info ] [ BEHAVIOR ] Run Closure @app_init [ RunTime:0.002664s ]
[ 2019-05-28T17:17:22+08:00 ][ info ] [ DB ] INIT mysql
[ 2019-05-28T17:17:22+08:00 ][ sql ] [ DB ] CONNECT:[ UseTime:0.000748s ] mysql:host=127.0.0.1;dbname=yaohao;charset=utf8
[ 2019-05-28T17:17:22+08:00 ][ sql ] [ SQL ] SHOW TABLE STATUS LIKE 'building' [ RunTime:0.000515s ]
[ 2019-05-28T17:17:22+08:00 ][ sql ] [ SQL ] SHOW TABLE STATUS LIKE 'fa_building' [ RunTime:0.000426s ]
