[ 2019-05-29T15:21:18+08:00 ][ info ] [ BEHAVIOR ] Run Closure @app_init [ RunTime:0.000127s ]
[ info ] [ LOG ] INIT File
[ 2019-05-29T15:21:18+08:00 ][ info ] [ CACHE ] INIT File
[ 2019-05-29T15:21:18+08:00 ][ info ] [ BEHAVIOR ] Run Closure @app_init [ RunTime:0.002502s ]
[ 2019-05-29T15:21:18+08:00 ][ info ] [ DB ] INIT mysql
[ 2019-05-29T15:21:18+08:00 ][ sql ] [ DB ] CONNECT:[ UseTime:0.000827s ] mysql:host=127.0.0.1;dbname=yaohao;charset=utf8
[ 2019-05-29T15:21:18+08:00 ][ sql ] [ SQL ] SHOW COLUMNS FROM `fa_auth_rule` [ RunTime:0.010434s ]
[ 2019-05-29T15:21:18+08:00 ][ sql ] [ SQL ] SELECT * FROM `fa_auth_rule` WHERE  (  `name` LIKE 'question%' ) [ RunTime:0.000400s ]
[ 2019-05-29T15:21:33+08:00 ][ info ] [ BEHAVIOR ] Run Closure @app_init [ RunTime:0.000142s ]
[ info ] [ LOG ] INIT File
[ 2019-05-29T15:21:33+08:00 ][ info ] [ CACHE ] INIT File
[ 2019-05-29T15:21:33+08:00 ][ info ] [ BEHAVIOR ] Run Closure @app_init [ RunTime:0.002369s ]
[ 2019-05-29T15:21:33+08:00 ][ info ] [ DB ] INIT mysql
[ 2019-05-29T15:21:33+08:00 ][ sql ] [ DB ] CONNECT:[ UseTime:0.000823s ] mysql:host=127.0.0.1;dbname=yaohao;charset=utf8
[ 2019-05-29T15:21:33+08:00 ][ sql ] [ SQL ] SHOW COLUMNS FROM `fa_auth_rule` [ RunTime:0.014178s ]
[ 2019-05-29T15:21:33+08:00 ][ sql ] [ SQL ] SELECT * FROM `fa_auth_rule` WHERE  (  `name` LIKE 'question%' ) [ RunTime:0.000460s ]
[ 2019-05-29T15:21:38+08:00 ][ info ] [ BEHAVIOR ] Run Closure @app_init [ RunTime:0.000186s ]
[ info ] [ LOG ] INIT File
[ 2019-05-29T15:21:38+08:00 ][ info ] [ CACHE ] INIT File
[ 2019-05-29T15:21:38+08:00 ][ info ] [ BEHAVIOR ] Run Closure @app_init [ RunTime:0.002370s ]
[ 2019-05-29T15:21:38+08:00 ][ info ] [ DB ] INIT mysql
[ 2019-05-29T15:21:38+08:00 ][ sql ] [ DB ] CONNECT:[ UseTime:0.000822s ] mysql:host=127.0.0.1;dbname=yaohao;charset=utf8
[ 2019-05-29T15:21:38+08:00 ][ sql ] [ SQL ] SHOW COLUMNS FROM `fa_auth_rule` [ RunTime:0.010804s ]
[ 2019-05-29T15:21:38+08:00 ][ sql ] [ SQL ] SELECT * FROM `fa_auth_rule` WHERE  (  `name` = 'question' ) [ RunTime:0.000404s ]
[ 2019-05-29T15:21:50+08:00 ][ sql ] [ SQL ] SELECT * FROM `fa_auth_rule` WHERE  `id` IN (140) [ RunTime:0.000348s ]
[ 2019-05-29T15:21:50+08:00 ][ sql ] [ SQL ] DELETE FROM `fa_auth_rule`    WHERE  `id` = 140 [ RunTime:0.023121s ]
[ 2019-05-29T15:22:22+08:00 ][ info ] [ BEHAVIOR ] Run Closure @app_init [ RunTime:0.000145s ]
[ info ] [ LOG ] INIT File
[ 2019-05-29T15:22:22+08:00 ][ info ] [ CACHE ] INIT File
[ 2019-05-29T15:22:22+08:00 ][ info ] [ BEHAVIOR ] Run Closure @app_init [ RunTime:0.002474s ]
[ 2019-05-29T15:22:22+08:00 ][ info ] [ DB ] INIT mysql
[ 2019-05-29T15:22:22+08:00 ][ sql ] [ DB ] CONNECT:[ UseTime:0.000822s ] mysql:host=127.0.0.1;dbname=yaohao;charset=utf8
[ 2019-05-29T15:22:22+08:00 ][ sql ] [ SQL ] SHOW TABLE STATUS LIKE 'question' [ RunTime:0.000486s ]
[ 2019-05-29T15:22:22+08:00 ][ sql ] [ SQL ] SHOW TABLE STATUS LIKE 'fa_question' [ RunTime:0.000396s ]
[ 2019-05-29T15:24:05+08:00 ][ info ] [ BEHAVIOR ] Run Closure @app_init [ RunTime:0.000138s ]
[ info ] [ LOG ] INIT File
[ 2019-05-29T15:24:05+08:00 ][ info ] [ CACHE ] INIT File
[ 2019-05-29T15:24:05+08:00 ][ info ] [ BEHAVIOR ] Run Closure @app_init [ RunTime:0.002360s ]
[ 2019-05-29T15:24:05+08:00 ][ info ] [ DB ] INIT mysql
[ 2019-05-29T15:24:05+08:00 ][ sql ] [ DB ] CONNECT:[ UseTime:0.000827s ] mysql:host=127.0.0.1;dbname=yaohao;charset=utf8
[ 2019-05-29T15:24:05+08:00 ][ sql ] [ SQL ] SHOW COLUMNS FROM `fa_auth_rule` [ RunTime:0.010725s ]
[ 2019-05-29T15:24:05+08:00 ][ sql ] [ SQL ] SELECT * FROM `fa_auth_rule` WHERE  (  `name` LIKE 'question%' ) [ RunTime:0.000468s ]
[ 2019-05-29T15:24:07+08:00 ][ sql ] [ SQL ] SELECT * FROM `fa_auth_rule` WHERE  `id` IN (184,142,144,143,141,145,139) [ RunTime:0.000401s ]
[ 2019-05-29T15:24:07+08:00 ][ sql ] [ SQL ] DELETE FROM `fa_auth_rule`    WHERE  `id` = 139 [ RunTime:0.026041s ]
[ 2019-05-29T15:24:07+08:00 ][ sql ] [ SQL ] DELETE FROM `fa_auth_rule`    WHERE  `id` = 141 [ RunTime:0.016319s ]
[ 2019-05-29T15:24:07+08:00 ][ sql ] [ SQL ] DELETE FROM `fa_auth_rule`    WHERE  `id` = 142 [ RunTime:0.015556s ]
[ 2019-05-29T15:24:07+08:00 ][ sql ] [ SQL ] DELETE FROM `fa_auth_rule`    WHERE  `id` = 143 [ RunTime:0.018641s ]
[ 2019-05-29T15:24:07+08:00 ][ sql ] [ SQL ] DELETE FROM `fa_auth_rule`    WHERE  `id` = 144 [ RunTime:0.017753s ]
[ 2019-05-29T15:24:07+08:00 ][ sql ] [ SQL ] DELETE FROM `fa_auth_rule`    WHERE  `id` = 145 [ RunTime:0.016395s ]
[ 2019-05-29T15:24:07+08:00 ][ sql ] [ SQL ] DELETE FROM `fa_auth_rule`    WHERE  `id` = 184 [ RunTime:0.018238s ]
[ 2019-05-29T15:27:09+08:00 ][ info ] [ BEHAVIOR ] Run Closure @app_init [ RunTime:0.000134s ]
[ info ] [ LOG ] INIT File
[ 2019-05-29T15:27:09+08:00 ][ info ] [ CACHE ] INIT File
[ 2019-05-29T15:27:09+08:00 ][ info ] [ BEHAVIOR ] Run Closure @app_init [ RunTime:0.002454s ]
[ 2019-05-29T15:27:18+08:00 ][ info ] [ BEHAVIOR ] Run Closure @app_init [ RunTime:0.000135s ]
[ info ] [ LOG ] INIT File
[ 2019-05-29T15:27:18+08:00 ][ info ] [ CACHE ] INIT File
[ 2019-05-29T15:27:18+08:00 ][ info ] [ BEHAVIOR ] Run Closure @app_init [ RunTime:0.002499s ]
[ 2019-05-29T15:27:18+08:00 ][ info ] [ DB ] INIT mysql
[ 2019-05-29T15:27:18+08:00 ][ sql ] [ DB ] CONNECT:[ UseTime:0.000792s ] mysql:host=127.0.0.1;dbname=yaohao;charset=utf8
[ 2019-05-29T15:27:18+08:00 ][ sql ] [ SQL ] SHOW TABLE STATUS LIKE 'question' [ RunTime:0.000529s ]
[ 2019-05-29T15:27:18+08:00 ][ sql ] [ SQL ] SHOW TABLE STATUS LIKE 'fa_question' [ RunTime:0.000486s ]
